<?xml version="1.0" encoding="UTF-8"?>
<testsuite xmlns:xsi="http://www.w3.org/2001/XMLSchema-instance" xsi:noNamespaceSchemaLocation="https://maven.apache.org/surefire/maven-surefire-plugin/xsd/surefire-test-report.xsd" name="com.example.ocr.controller.OcrControllerTest" time="3.383" tests="5" errors="0" skipped="0" failures="0">
  <properties>
[...]
</properties>
  <testcase name="testTextRecognition" classname="com.example.ocr.controller.OcrControllerTest" time="0.301"/>
  <testcase name="testReadingOrder" classname="com.example.ocr.controller.OcrControllerTest" time="0.045"/>
  <testcase name="testTextDetection" classname="com.example.ocr.controller.OcrControllerTest" time="0.012"/>
  <testcase name="testLayoutAnalysis" classname="com.example.ocr.controller.OcrControllerTest" time="0.006"/>
  <testcase name="testInvalidFileType" classname="com.example.ocr.controller.OcrControllerTest" time="0.007"/>
</testsuite>